<?xml version="1.0" encoding="UTF-8"?>
<coverage generated="1575307975281" clover="3.2.0">
  <project timestamp="1575307975282" name="All files">
    <metrics statements="14" coveredstatements="14" conditionals="0" coveredconditionals="0" methods="11" coveredmethods="11" elements="25" coveredelements="25" complexity="0" loc="14" ncloc="14" packages="1" files="4" classes="4">
      <file name="App.js" path="/home/ivan/Escritorio/Level-Up-JavaScript-Testing-101/src/App.js">
        <metrics statements="4" coveredstatements="4" conditionals="0" coveredconditionals="0" methods="4" coveredmethods="4"/>
        <line num="1" count="1" type="stmt"/>
        <line num="2" count="1" type="stmt"/>
        <line num="3" count="1" type="stmt"/>
        <line num="4" count="1" type="stmt"/>
      </file>
      <file name="Arrays.js" path="/home/ivan/Escritorio/Level-Up-JavaScript-Testing-101/src/Arrays.js">
        <metrics statements="4" coveredstatements="4" conditionals="0" coveredconditionals="0" methods="2" coveredmethods="2"/>
        <line num="1" count="1" type="stmt"/>
        <line num="3" count="1" type="stmt"/>
        <line num="5" count="3" type="stmt"/>
        <line num="6" count="1" type="stmt"/>
      </file>
      <file name="Numbers.js" path="/home/ivan/Escritorio/Level-Up-JavaScript-Testing-101/src/Numbers.js">
        <metrics statements="2" coveredstatements="2" conditionals="0" coveredconditionals="0" methods="1" coveredmethods="1"/>
        <line num="1" count="1" type="stmt"/>
        <line num="2" count="5" type="stmt"/>
      </file>
      <file name="True.js" path="/home/ivan/Escritorio/Level-Up-JavaScript-Testing-101/src/True.js">
        <metrics statements="4" coveredstatements="4" conditionals="0" coveredconditionals="0" methods="4" coveredmethods="4"/>
        <line num="1" count="1" type="stmt"/>
        <line num="2" count="2" type="stmt"/>
        <line num="3" count="2" type="stmt"/>
        <line num="4" count="1" type="stmt"/>
      </file>
    </metrics>
  </project>
</coverage>
